Arguments: 
  C:\Program Files\nodejs\node.exe C:\Users\modealohadance2017\AppData\Roaming\npm\node_modules\yarn\bin\yarn.js add grammy @grammyjs/conversation mysql sequelize @grammyjs/ratelimiter dotenv @grammyjs/storage-file

PATH: 
  C:\Program Files (x86)\Common Files\Oracle\Java\javapath;C:\Windows\system32;C:\Windows;C:\Windows\System32\Wbem;C:\Windows\System32\WindowsPowerShell\v1.0\;C:\Windows\System32\OpenSSH\;C:\Program Files\NVIDIA Corporation\NVIDIA NvDLISR;C:\Program Files (x86)\NVIDIA Corporation\PhysX\Common;C:\Program Files\Git\cmd;C:\Program Files\nodejs\;C:\Program Files\Cloudflare\Cloudflare WARP\;C:\Program Files\PuTTY\;C:\xampp\php;C:\composer;C:\Program Files\Microsoft SQL Server\150\Tools\Binn\;C:\Program Files\Microsoft SQL Server\Client SDK\ODBC\170\Tools\Binn\;C:\Program Files\dotnet\;C:\Program Files\Docker\Docker\resources\bin;C:\Users\modealohadance2017\AppData\Local\Programs\Python\Python312\Scripts\;C:\Users\modealohadance2017\AppData\Local\Programs\Python\Python312\;C:\Users\modealohadance2017\AppData\Local\Microsoft\WindowsApps;C:\Program Files\JetBrains\WebStorm 2023.2\bin;C:\Users\modealohadance2017\AppData\Roaming\npm;C:\Users\modealohadance2017\AppData\Local\Programs\Microsoft VS Code\bin;C:\Users\modealohadance2017\AppData\Local\JetBrains\PyCharm Community Edition 2023.2\bin;C:\Users\modealohadance2017\AppData\Roaming\Composer\vendor\bin;E:\ffmpeg\bin;C:\Users\modealohadance2017\.dotnet\tools;E:\ngrok;C:\Program Files (x86)\BrowserStackLocal\

Yarn version: 
  1.22.19

Node version: 
  18.17.1

Platform: 
  win32 x64

Trace: 
  Error: https://registry.yarnpkg.com/@grammyjs%2fconversation: Not found
      at params.callback [as _callback] (C:\Users\modealohadance2017\AppData\Roaming\npm\node_modules\yarn\lib\cli.js:66145:18)
      at self.callback (C:\Users\modealohadance2017\AppData\Roaming\npm\node_modules\yarn\lib\cli.js:140890:22)
      at Request.emit (node:events:514:28)
      at Request.<anonymous> (C:\Users\modealohadance2017\AppData\Roaming\npm\node_modules\yarn\lib\cli.js:141862:10)
      at Request.emit (node:events:514:28)
      at IncomingMessage.<anonymous> (C:\Users\modealohadance2017\AppData\Roaming\npm\node_modules\yarn\lib\cli.js:141784:12)
      at Object.onceWrapper (node:events:628:28)
      at IncomingMessage.emit (node:events:526:35)
      at endReadableNT (node:internal/streams/readable:1359:12)
      at process.processTicksAndRejections (node:internal/process/task_queues:82:21)

npm manifest: 
  {
    "name": "dlyatelki",
    "version": "1.0.0",
    "main": "index.js",
    "license": "MIT"
  }

yarn manifest: 
  No manifest

Lockfile: 
  No lockfile
